
		DANH SACH LOP DUOC XUAT VAO FILE: 

---g)Danh sach cac lop tang dan theo si so (quick_sort): 
Ten lop: 
Si so: 4
Ho va ten gvcn: 
So luong hoc sinh gioi: 32763
So luong hoc sinh kha: 0
So luong hoc sinh trung binh: 0
So luong hoc sinh yeu: 0
Ten lop: 
Si so: 6
Ho va ten gvcn: 60305
So luong hoc sinh gioi: 0
So luong hoc sinh kha: -476182396
So luong hoc sinh trung binh: 32763
So luong hoc sinh yeu: 260
Ten lop: 
Si so: 15
Ho va ten gvcn: 
So luong hoc sinh gioi: 0
So luong hoc sinh kha: 0
So luong hoc sinh trung binh: 0
So luong hoc sinh yeu: 0